ltconfig:581: checking whether we are using GNU C
ltconfig:589: /usr/bin/cc -E conftest.c
ltconfig:603: checking for object suffix
ltconfig:604: /usr/bin/cc -c -D_AGAR_INTERNAL -D_BSD_SOURCE  -I/home/william/Projects/test_1/Player/agar/agar-1.4.1/include -I/home/william/Projects/test_1/Player/agar/agar-1.4.1/include/agar -D_AGAR_CORE_INTERNAL -U_XOPEN_SOURCE -D_XOPEN_SOURCE=600       conftest.c 1>&5
ltconfig:629: checking for executable suffix
ltconfig:630: /usr/bin/cc -o conftest -D_AGAR_INTERNAL -D_BSD_SOURCE  -I/home/william/Projects/test_1/Player/agar/agar-1.4.1/include -I/home/william/Projects/test_1/Player/agar/agar-1.4.1/include/agar -D_AGAR_CORE_INTERNAL -U_XOPEN_SOURCE -D_XOPEN_SOURCE=600        conftest.c  1>&5
ltconfig:776: checking if /usr/bin/cc PIC flag -fPIC works
ltconfig:777: /usr/bin/cc -c -D_AGAR_INTERNAL -D_BSD_SOURCE  -I/home/william/Projects/test_1/Player/agar/agar-1.4.1/include -I/home/william/Projects/test_1/Player/agar/agar-1.4.1/include/agar -D_AGAR_CORE_INTERNAL -U_XOPEN_SOURCE -D_XOPEN_SOURCE=600      -fPIC -DPIC  conftest.c 1>&5
ltconfig:829: checking if /usr/bin/cc supports -c -o file.o
ltconfig:830: /usr/bin/cc -c -D_AGAR_INTERNAL -D_BSD_SOURCE  -I/home/william/Projects/test_1/Player/agar/agar-1.4.1/include -I/home/william/Projects/test_1/Player/agar/agar-1.4.1/include/agar -D_AGAR_CORE_INTERNAL -U_XOPEN_SOURCE -D_XOPEN_SOURCE=600      -o out/conftest2.o  conftest.c 1>&5
ltconfig:862: checking if /usr/bin/cc supports -c -o file.lo
ltconfig:863: /usr/bin/cc -c -D_AGAR_INTERNAL -D_BSD_SOURCE  -I/home/william/Projects/test_1/Player/agar/agar-1.4.1/include -I/home/william/Projects/test_1/Player/agar/agar-1.4.1/include/agar -D_AGAR_CORE_INTERNAL -U_XOPEN_SOURCE -D_XOPEN_SOURCE=600      -c -o conftest.lo  conftest.c 1>&5
ltconfig:914: checking if /usr/bin/cc supports -fno-rtti -fno-exceptions
ltconfig:915: /usr/bin/cc -c -D_AGAR_INTERNAL -D_BSD_SOURCE  -I/home/william/Projects/test_1/Player/agar/agar-1.4.1/include -I/home/william/Projects/test_1/Player/agar/agar-1.4.1/include/agar -D_AGAR_CORE_INTERNAL -U_XOPEN_SOURCE -D_XOPEN_SOURCE=600      -fno-rtti -fno-exceptions -c conftest.c  conftest.c 1>&5
ltconfig:958: checking if /usr/bin/cc static flag -static works
ltconfig:959: /usr/bin/cc -o conftest -D_AGAR_INTERNAL -D_BSD_SOURCE  -I/home/william/Projects/test_1/Player/agar/agar-1.4.1/include -I/home/william/Projects/test_1/Player/agar/agar-1.4.1/include/agar -D_AGAR_CORE_INTERNAL -U_XOPEN_SOURCE -D_XOPEN_SOURCE=600        -static conftest.c  1>&5
/usr/lib/gcc/i586-suse-linux/4.7/../../../../i586-suse-linux/bin/ld: cannot find -lc
collect2: error: ld returned 1 exit status
ltconfig:991: checking for ld used by GCC
GNU ld (GNU Binutils; openSUSE 12.2) 2.22
ltconfig:1653: checking if global_symbol_pipe works
ltconfig:1654: /usr/bin/cc -c -D_AGAR_INTERNAL -D_BSD_SOURCE  -I/home/william/Projects/test_1/Player/agar/agar-1.4.1/include -I/home/william/Projects/test_1/Player/agar/agar-1.4.1/include/agar -D_AGAR_CORE_INTERNAL -U_XOPEN_SOURCE -D_XOPEN_SOURCE=600       conftest.c 1>&5
ltconfig:1657: eval "/usr/bin/nm -B conftest.o | sed -n -e 's/^.*[ 	]\([ABCDGISTW]\)[ 	][ 	]*\(\)\([_A-Za-z][_A-Za-z0-9]*\)$/\1 \2\3 \3/p' > conftest.nm"
ltconfig:1709: /usr/bin/cc -o conftest -D_AGAR_INTERNAL -D_BSD_SOURCE  -I/home/william/Projects/test_1/Player/agar/agar-1.4.1/include -I/home/william/Projects/test_1/Player/agar/agar-1.4.1/include/agar -D_AGAR_CORE_INTERNAL -U_XOPEN_SOURCE -D_XOPEN_SOURCE=600      -fno-builtin   conftest.c conftstm.o 1>&5
